[debug] [2021-08-31T09:50:55.849Z] ----------------------------------------------------------------------
[debug] [2021-08-31T09:50:55.851Z] Command:       /home/apple22/.nvm/versions/node/v16.8.0/bin/node /home/apple22/.nvm/versions/node/v16.8.0/bin/firebase deploy
[debug] [2021-08-31T09:50:55.852Z] CLI Version:   9.16.6
[debug] [2021-08-31T09:50:55.852Z] Platform:      linux
[debug] [2021-08-31T09:50:55.852Z] Node Version:  v16.8.0
[debug] [2021-08-31T09:50:55.852Z] Time:          Tue Aug 31 2021 15:20:55 GMT+0530 (India Standard Time)
[debug] [2021-08-31T09:50:55.853Z] ----------------------------------------------------------------------
[debug] 
[debug] [2021-08-31T09:50:55.917Z] > command requires scopes: ["email","openid","https://www.googleapis.com/auth/cloudplatformprojects.readonly","https://www.googleapis.com/auth/firebase","https://www.googleapis.com/auth/cloud-platform"]
[debug] [2021-08-31T09:50:55.918Z] > authorizing via signed-in user (prajwal.prashanth22@gmail.com)
[debug] [2021-08-31T09:50:55.918Z] [iam] checking project event-park for permissions ["firebase.projects.get","firebasehosting.sites.update"]
[debug] [2021-08-31T09:50:55.920Z] >>> HTTP REQUEST POST https://cloudresourcemanager.googleapis.com/v1/projects/event-park:testIamPermissions  
 {"permissions":["firebase.projects.get","firebasehosting.sites.update"]}
[debug] [2021-08-31T09:50:57.262Z] <<< HTTP RESPONSE 200 {"content-type":"application/json; charset=UTF-8","vary":"X-Origin, Referer, Origin,Accept-Encoding","date":"Tue, 31 Aug 2021 09:50:57 GMT","server":"ESF","cache-control":"private","x-xss-protection":"0","x-frame-options":"SAMEORIGIN","x-content-type-options":"nosniff","server-timing":"gfet4t7; dur=1148","alt-svc":"h3=\":443\"; ma=2592000,h3-29=\":443\"; ma=2592000,h3-T051=\":443\"; ma=2592000,h3-Q050=\":443\"; ma=2592000,h3-Q046=\":443\"; ma=2592000,h3-Q043=\":443\"; ma=2592000,quic=\":443\"; ma=2592000; v=\"46,43\"","accept-ranges":"none","transfer-encoding":"chunked"}
[debug] [2021-08-31T09:50:57.267Z] > refreshing access token with scopes: []
[debug] [2021-08-31T09:50:57.267Z] >>> HTTP REQUEST POST https://www.googleapis.com/oauth2/v3/token  
 <request body omitted>
[debug] [2021-08-31T09:50:57.523Z] <<< HTTP RESPONSE 200 {"cache-control":"no-cache, no-store, max-age=0, must-revalidate","pragma":"no-cache","date":"Tue, 31 Aug 2021 09:50:57 GMT","expires":"Mon, 01 Jan 1990 00:00:00 GMT","content-type":"application/json; charset=utf-8","vary":"X-Origin, Referer, Origin,Accept-Encoding","server":"scaffolding on HTTPServer2","x-xss-protection":"0","x-frame-options":"SAMEORIGIN","x-content-type-options":"nosniff","alt-svc":"h3=\":443\"; ma=2592000,h3-29=\":443\"; ma=2592000,h3-T051=\":443\"; ma=2592000,h3-Q050=\":443\"; ma=2592000,h3-Q046=\":443\"; ma=2592000,h3-Q043=\":443\"; ma=2592000,quic=\":443\"; ma=2592000; v=\"46,43\"","accept-ranges":"none","transfer-encoding":"chunked"}
[debug] [2021-08-31T09:50:57.562Z] >>> [apiv2][query] GET https://firebase.googleapis.com/v1beta1/projects/event-park [none]
[debug] [2021-08-31T09:50:58.119Z] <<< [apiv2][status] GET https://firebase.googleapis.com/v1beta1/projects/event-park 200
[debug] [2021-08-31T09:50:58.120Z] <<< [apiv2][body] GET https://firebase.googleapis.com/v1beta1/projects/event-park {"projectId":"event-park","projectNumber":"809466049479","displayName":"event-park","name":"projects/event-park","resources":{"hostingSite":"event-park","storageBucket":"event-park.appspot.com","locationId":"asia-south1"},"state":"ACTIVE"}
[info] 
[info] === Deploying to 'event-park'...
[info] 
[info] i  deploying hosting 
[debug] [2021-08-31T09:50:58.130Z] > refreshing access token with scopes: ["email","https://www.googleapis.com/auth/cloud-platform","https://www.googleapis.com/auth/cloudplatformprojects.readonly","https://www.googleapis.com/auth/firebase","openid"]
[debug] [2021-08-31T09:50:58.131Z] >>> HTTP REQUEST POST https://www.googleapis.com/oauth2/v3/token  
 <request body omitted>
[debug] [2021-08-31T09:50:58.407Z] <<< HTTP RESPONSE 200 {"date":"Tue, 31 Aug 2021 09:50:58 GMT","cache-control":"no-cache, no-store, max-age=0, must-revalidate","pragma":"no-cache","expires":"Mon, 01 Jan 1990 00:00:00 GMT","content-type":"application/json; charset=utf-8","vary":"X-Origin, Referer, Origin,Accept-Encoding","server":"scaffolding on HTTPServer2","x-xss-protection":"0","x-frame-options":"SAMEORIGIN","x-content-type-options":"nosniff","alt-svc":"h3=\":443\"; ma=2592000,h3-29=\":443\"; ma=2592000,h3-T051=\":443\"; ma=2592000,h3-Q050=\":443\"; ma=2592000,h3-Q046=\":443\"; ma=2592000,h3-Q043=\":443\"; ma=2592000,quic=\":443\"; ma=2592000; v=\"46,43\"","accept-ranges":"none","transfer-encoding":"chunked"}
[debug] [2021-08-31T09:50:58.430Z] >>> HTTP REQUEST POST https://firebasehosting.googleapis.com/v1beta1/sites/event-park/versions  
 {"config":{"rewrites":[{"glob":"**","path":"/index.html"}]},"labels":{"deployment-tool":"cli-firebase"}}
